{ Error: Request failed with status code 503
    at createError (/Users/fredericksilva/.npm-global/lib/node_modules/ilp-settlement-xrp/node_modules/axios/lib/core/createError.js:16:15)
    at settle (/Users/fredericksilva/.npm-global/lib/node_modules/ilp-settlement-xrp/node_modules/axios/lib/core/settle.js:17:12)
    at IncomingMessage.handleStreamEnd (/Users/fredericksilva/.npm-global/lib/node_modules/ilp-settlement-xrp/node_modules/axios/lib/adapters/http.js:236:11)
    at IncomingMessage.emit (events.js:198:15)
    at endReadableNT (_stream_readable.js:1139:12)
    at processTicksAndRejections (internal/process/task_queues.js:81:17)
  config:
   { url: 'https://faucet.altnet.rippletest.net/accounts',
     method: 'post',
     headers:
      { Accept: 'application/json, text/plain, */*',
        'Content-Type': 'application/x-www-form-urlencoded',
        'User-Agent': 'axios/0.19.2' },
     transformRequest: [ [Function: transformRequest] ],
     transformResponse: [ [Function: transformResponse] ],
     timeout: 0,
     adapter: [Function: httpAdapter],
     xsrfCookieName: 'XSRF-TOKEN',
     xsrfHeaderName: 'X-XSRF-TOKEN',
     maxContentLength: -1,
     validateStatus: [Function: validateStatus],
     data: undefined },
  request:
   ClientRequest {
     _events:
      [Object: null prototype] {
        socket: [Function],
        abort: [Function],
        aborted: [Function],
        error: [Function],
        timeout: [Function],
        prefinish: [Function: requestOnPrefinish] },
     _eventsCount: 6,
     _maxListeners: undefined,
     outputData: [],
     outputSize: 0,
     writable: true,
     _last: true,
     chunkedEncoding: false,
     shouldKeepAlive: false,
     useChunkedEncodingByDefault: true,
     sendDate: false,
     _removedConnection: false,
     _removedContLen: false,
     _removedTE: false,
     _contentLength: 0,
     _hasBody: true,
     _trailer: '',
     finished: true,
     _headerSent: true,
     socket:
      TLSSocket {
        _tlsOptions: [Object],
        _secureEstablished: true,
        _securePending: false,
        _newSessionPending: false,
        _controlReleased: true,
        _SNICallback: null,
        servername: 'faucet.altnet.rippletest.net',
        alpnProtocol: false,
        authorized: true,
        authorizationError: null,
        encrypted: true,
        _events: [Object],
        _eventsCount: 9,
        connecting: false,
        _hadError: false,
        _parent: null,
        _host: 'faucet.altnet.rippletest.net',
        _readableState: [ReadableState],
        readable: true,
        _maxListeners: undefined,
        _writableState: [WritableState],
        writable: false,
        allowHalfOpen: false,
        _sockname: null,
        _pendingData: null,
        _pendingEncoding: '',
        server: undefined,
        _server: null,
        ssl: [TLSWrap],
        _requestCert: true,
        _rejectUnauthorized: true,
        parser: null,
        _httpMessage: [Circular],
        [Symbol(res)]: [TLSWrap],
        [Symbol(asyncId)]: 10,
        [Symbol(kHandle)]: [TLSWrap],
        [Symbol(lastWriteQueueSize)]: 0,
        [Symbol(timeout)]: null,
        [Symbol(kBytesRead)]: 0,
        [Symbol(kBytesWritten)]: 0,
        [Symbol(connect-options)]: [Object] },
     connection:
      TLSSocket {
        _tlsOptions: [Object],
        _secureEstablished: true,
        _securePending: false,
        _newSessionPending: false,
        _controlReleased: true,
        _SNICallback: null,
        servername: 'faucet.altnet.rippletest.net',
        alpnProtocol: false,
        authorized: true,
        authorizationError: null,
        encrypted: true,
        _events: [Object],
        _eventsCount: 9,
        connecting: false,
        _hadError: false,
        _parent: null,
        _host: 'faucet.altnet.rippletest.net',
        _readableState: [ReadableState],
        readable: true,
        _maxListeners: undefined,
        _writableState: [WritableState],
        writable: false,
        allowHalfOpen: false,
        _sockname: null,
        _pendingData: null,
        _pendingEncoding: '',
        server: undefined,
        _server: null,
        ssl: [TLSWrap],
        _requestCert: true,
        _rejectUnauthorized: true,
        parser: null,
        _httpMessage: [Circular],
        [Symbol(res)]: [TLSWrap],
        [Symbol(asyncId)]: 10,
        [Symbol(kHandle)]: [TLSWrap],
        [Symbol(lastWriteQueueSize)]: 0,
        [Symbol(timeout)]: null,
        [Symbol(kBytesRead)]: 0,
        [Symbol(kBytesWritten)]: 0,
        [Symbol(connect-options)]: [Object] },
     _header:
      'POST /accounts HTTP/1.1\r\nAccept: application/json, text/plain, */*\r\nContent-Type: application/x-www-form-urlencoded\r\nUser-Agent: axios/0.19.2\r\nHost: faucet.altnet.rippletest.net\r\nConnection: close\r\nContent-Length: 0\r\n\r\n',
     _onPendingData: [Function: noopPendingOutput],
     agent:
      Agent {
        _events: [Object],
        _eventsCount: 1,
        _maxListeners: undefined,
        defaultPort: 443,
        protocol: 'https:',
        options: [Object],
        requests: {},
        sockets: [Object],
        freeSockets: {},
        keepAliveMsecs: 1000,
        keepAlive: false,
        maxSockets: Infinity,
        maxFreeSockets: 256,
        maxCachedSessions: 100,
        _sessionCache: [Object] },
     socketPath: undefined,
     timeout: undefined,
     method: 'POST',
     path: '/accounts',
     _ended: true,
     res:
      IncomingMessage {
        _readableState: [ReadableState],
        readable: false,
        _events: [Object],
        _eventsCount: 3,
        _maxListeners: undefined,
        socket: [TLSSocket],
        connection: [TLSSocket],
        httpVersionMajor: 1,
        httpVersionMinor: 1,
        httpVersion: '1.1',
        complete: true,
        headers: [Object],
        rawHeaders: [Array],
        trailers: {},
        rawTrailers: [],
        aborted: false,
        upgrade: false,
        url: '',
        method: null,
        statusCode: 503,
        statusMessage: 'Service Unavailable',
        client: [TLSSocket],
        _consuming: false,
        _dumped: false,
        req: [Circular],
        responseUrl: 'https://faucet.altnet.rippletest.net/accounts',
        redirects: [] },
     aborted: false,
     timeoutCb: null,
     upgradeOrConnect: false,
     parser: null,
     maxHeadersCount: null,
     _redirectable:
      Writable {
        _writableState: [WritableState],
        writable: true,
        _events: [Object],
        _eventsCount: 2,
        _maxListeners: undefined,
        _options: [Object],
        _redirectCount: 0,
        _redirects: [],
        _requestBodyLength: 0,
        _requestBodyBuffers: [],
        _onNativeResponse: [Function],
        _currentRequest: [Circular],
        _currentUrl: 'https://faucet.altnet.rippletest.net/accounts' },
     [Symbol(isCorked)]: false,
     [Symbol(outHeadersKey)]:
      [Object: null prototype] {
        accept: [Array],
        'content-type': [Array],
        'user-agent': [Array],
        host: [Array] } },
  response:
   { status: 503,
     statusText: 'Service Unavailable',
     headers:
      { server: 'nginx/1.10.3 (Ubuntu)',
        date: 'Sat, 08 Feb 2020 18:33:59 GMT',
        'content-type': 'application/json; charset=utf-8',
        'content-length': '266',
        connection: 'close',
        'x-powered-by': 'Express',
        'access-control-allow-origin': '*',
        etag: 'W/"10a-e2JgIRZYAyhsAfTctsFj1p8IA7Q"' },
     config:
      { url: 'https://faucet.altnet.rippletest.net/accounts',
        method: 'post',
        headers: [Object],
        transformRequest: [Array],
        transformResponse: [Array],
        timeout: 0,
        adapter: [Function: httpAdapter],
        xsrfCookieName: 'XSRF-TOKEN',
        xsrfHeaderName: 'X-XSRF-TOKEN',
        maxContentLength: -1,
        validateStatus: [Function: validateStatus],
        data: undefined },
     request:
      ClientRequest {
        _events: [Object],
        _eventsCount: 6,
        _maxListeners: undefined,
        outputData: [],
        outputSize: 0,
        writable: true,
        _last: true,
        chunkedEncoding: false,
        shouldKeepAlive: false,
        useChunkedEncodingByDefault: true,
        sendDate: false,
        _removedConnection: false,
        _removedContLen: false,
        _removedTE: false,
        _contentLength: 0,
        _hasBody: true,
        _trailer: '',
        finished: true,
        _headerSent: true,
        socket: [TLSSocket],
        connection: [TLSSocket],
        _header:
         'POST /accounts HTTP/1.1\r\nAccept: application/json, text/plain, */*\r\nContent-Type: application/x-www-form-urlencoded\r\nUser-Agent: axios/0.19.2\r\nHost: faucet.altnet.rippletest.net\r\nConnection: close\r\nContent-Length: 0\r\n\r\n',
        _onPendingData: [Function: noopPendingOutput],
        agent: [Agent],
        socketPath: undefined,
        timeout: undefined,
        method: 'POST',
        path: '/accounts',
        _ended: true,
        res: [IncomingMessage],
        aborted: false,
        timeoutCb: null,
        upgradeOrConnect: false,
        parser: null,
        maxHeadersCount: null,
        _redirectable: [Writable],
        [Symbol(isCorked)]: false,
        [Symbol(outHeadersKey)]: [Object] },
     data:
      { error: 'Failed to fund account. Try again later',
        account: [Object] } },
  isAxiosError: true,
  toJSON: [Function] }
